[debug] [2024-11-12T20:20:38.318Z] ----------------------------------------------------------------------
[debug] [2024-11-12T20:20:38.322Z] Command:       C:\Program Files\nodejs\node.exe C:\Users\aliss\AppData\Roaming\npm\node_modules\firebase-tools\lib\bin\firebase.js login
[debug] [2024-11-12T20:20:38.323Z] CLI Version:   13.24.2
[debug] [2024-11-12T20:20:38.323Z] Platform:      win32
[debug] [2024-11-12T20:20:38.323Z] Node Version:  v21.5.0
[debug] [2024-11-12T20:20:38.324Z] Time:          Tue Nov 12 2024 15:20:38 GMT-0500 (hora de Ecuador)
[debug] [2024-11-12T20:20:38.324Z] ----------------------------------------------------------------------
[debug] 
[debug] [2024-11-12T20:20:38.329Z] >>> [apiv2][query] GET https://firebase-public.firebaseio.com/cli.json [none]
[info] i  Firebase optionally collects CLI and Emulator Suite usage and error reporting information to help improve our products. Data is collected in accordance with Google's privacy policy (https://policies.google.com/privacy) and is not used to identify you.
 
[debug] [2024-11-12T20:20:40.116Z] <<< [apiv2][status] GET https://firebase-public.firebaseio.com/cli.json 200
[debug] [2024-11-12T20:20:40.116Z] <<< [apiv2][body] GET https://firebase-public.firebaseio.com/cli.json {"cloudBuildErrorAfter":1594252800000,"cloudBuildWarnAfter":1590019200000,"defaultNode10After":1594252800000,"minVersion":"3.0.5","node8DeploysDisabledAfter":1613390400000,"node8RuntimeDisabledAfter":1615809600000,"node8WarnAfter":1600128000000}
[info] i  To change your data collection preference at any time, run `firebase logout` and log in again. 
[info] 
[info] Visit this URL on this device to log in:
[info] https://accounts.google.com/o/oauth2/auth?client_id=563584335869-fgrhgmd47bqnekij5i8b5pr03ho849e6.apps.googleusercontent.com&scope=email%20openid%20https%3A%2F%2Fwww.googleapis.com%2Fauth%2Fcloudplatformprojects.readonly%20https%3A%2F%2Fwww.googleapis.com%2Fauth%2Ffirebase%20https%3A%2F%2Fwww.googleapis.com%2Fauth%2Fcloud-platform&response_type=code&state=549699010&redirect_uri=http%3A%2F%2Flocalhost%3A9005
[info] 
[info] Waiting for authentication...
[debug] [2024-11-12T20:20:45.745Z] Unable to open URL: Error: spawn UNKNOWN
    at ChildProcess.spawn (node:internal/child_process:421:11)
    at Object.spawn (node:child_process:761:9)
    at module.exports (C:\Users\aliss\AppData\Roaming\npm\node_modules\firebase-tools\node_modules\open\index.js:114:34)
    at open (C:\Users\aliss\AppData\Roaming\npm\node_modules\firebase-tools\lib\auth.js:136:5)
    at Server.<anonymous> (C:\Users\aliss\AppData\Roaming\npm\node_modules\firebase-tools\lib\auth.js:369:13)
    at Object.onceWrapper (node:events:633:28)
    at Server.emit (node:events:531:35)
    at Server.emit (node:domain:488:12)
    at emitListeningNT (node:net:1906:10)
    at process.processTicksAndRejections (node:internal/process/task_queues:81:21)
[debug] [2024-11-12T21:32:58.842Z] ----------------------------------------------------------------------
[debug] [2024-11-12T21:32:58.845Z] Command:       C:\Program Files\nodejs\node.exe C:\Users\aliss\AppData\Roaming\npm\node_modules\firebase-tools\lib\bin\firebase.js login
[debug] [2024-11-12T21:32:58.845Z] CLI Version:   13.24.2
[debug] [2024-11-12T21:32:58.845Z] Platform:      win32
[debug] [2024-11-12T21:32:58.845Z] Node Version:  v21.5.0
[debug] [2024-11-12T21:32:58.846Z] Time:          Tue Nov 12 2024 16:32:58 GMT-0500 (hora de Ecuador)
[debug] [2024-11-12T21:32:58.846Z] ----------------------------------------------------------------------
[debug] 
[info] i  Firebase optionally collects CLI and Emulator Suite usage and error reporting information to help improve our products. Data is collected in accordance with Google's privacy policy (https://policies.google.com/privacy) and is not used to identify you.
 
